<?xml version="1.0" encoding="UTF-8"?>
<testsuite name="com.fintech.rag.scratch.TestChatClient2Test" tests="1" skipped="0" failures="0" errors="0" timestamp="2026-05-23T07:12:40.637Z" hostname="SUMIT-NITRO" time="0.209">
  <properties/>
  <testcase name="test()" classname="com.fintech.rag.scratch.TestChatClient2Test" time="0.209"/>
  <system-out><![CDATA[Checking ChatClient.CallResponseSpec methods:
content
entity
entity
entity
chatResponse
chatClientResponse
responseEntity
responseEntity
responseEntity
Checking org.springframework.ai.chat.client.advisor.QuestionAnswerAdvisor:
Not found at org.springframework.ai.chat.client.advisor
Found it at org.springframework.ai.chat.client.advisor.vectorstore.QuestionAnswerAdvisor
RETRIEVED_DOCUMENTS
FILTER_EXPRESSION
DEFAULT_SCHEDULER
DEFAULT_CHAT_MEMORY_PRECEDENCE_ORDER
HIGHEST_PRECEDENCE
LOWEST_PRECEDENCE
Checking org.springframework.ai.chat.client.advisor.api.QuestionAnswerAdvisor:
Not found at org.springframework.ai.chat.client.advisor.api
]]></system-out>
  <system-err><![CDATA[]]></system-err>
</testsuite>
